Determining if the pthread_create exist failed with the following output:
Change Dir: /home/idhuser/Dropbox/Enseignement/M2 ROB 2015/Archi/project/build/CMakeFiles/CMakeTmp

Run Build Command:"/usr/bin/make" "cmTryCompileExec2892022781/fast"
/usr/bin/make -f CMakeFiles/cmTryCompileExec2892022781.dir/build.make CMakeFiles/cmTryCompileExec2892022781.dir/build
make[1]: Entering directory `/home/idhuser/Dropbox/Enseignement/M2 ROB 2015/Archi/project/build/CMakeFiles/CMakeTmp'
/home/idhuser/Prog/cmake/bin/cmake -E cmake_progress_report "/home/idhuser/Dropbox/Enseignement/M2 ROB 2015/Archi/project/build/CMakeFiles/CMakeTmp/CMakeFiles" 1
Building C object CMakeFiles/cmTryCompileExec2892022781.dir/CheckSymbolExists.c.o
/usr/bin/cc    -o CMakeFiles/cmTryCompileExec2892022781.dir/CheckSymbolExists.c.o   -c "/home/idhuser/Dropbox/Enseignement/M2 ROB 2015/Archi/project/build/CMakeFiles/CMakeTmp/CheckSymbolExists.c"
Linking C executable cmTryCompileExec2892022781
/home/idhuser/Prog/cmake/bin/cmake -E cmake_link_script CMakeFiles/cmTryCompileExec2892022781.dir/link.txt --verbose=1
/usr/bin/cc       CMakeFiles/cmTryCompileExec2892022781.dir/CheckSymbolExists.c.o  -o cmTryCompileExec2892022781 -rdynamic 
CMakeFiles/cmTryCompileExec2892022781.dir/CheckSymbolExists.c.o: In function `main':
CheckSymbolExists.c:(.text+0x16): undefined reference to `pthread_create'
collect2: error: ld returned 1 exit status
make[1]: *** [cmTryCompileExec2892022781] Error 1
make[1]: Leaving directory `/home/idhuser/Dropbox/Enseignement/M2 ROB 2015/Archi/project/build/CMakeFiles/CMakeTmp'
make: *** [cmTryCompileExec2892022781/fast] Error 2

File /home/idhuser/Dropbox/Enseignement/M2 ROB 2015/Archi/project/build/CMakeFiles/CMakeTmp/CheckSymbolExists.c:
/* */
#include <pthread.h>

int main(int argc, char** argv)
{
  (void)argv;
#ifndef pthread_create
  return ((int*)(&pthread_create))[argc];
#else
  (void)argc;
  return 0;
#endif
}

Determining if the function pthread_create exists in the pthreads failed with the following output:
Change Dir: /home/idhuser/Dropbox/Enseignement/M2 ROB 2015/Archi/project/build/CMakeFiles/CMakeTmp

Run Build Command:"/usr/bin/make" "cmTryCompileExec1663866471/fast"
/usr/bin/make -f CMakeFiles/cmTryCompileExec1663866471.dir/build.make CMakeFiles/cmTryCompileExec1663866471.dir/build
make[1]: Entering directory `/home/idhuser/Dropbox/Enseignement/M2 ROB 2015/Archi/project/build/CMakeFiles/CMakeTmp'
/home/idhuser/Prog/cmake/bin/cmake -E cmake_progress_report "/home/idhuser/Dropbox/Enseignement/M2 ROB 2015/Archi/project/build/CMakeFiles/CMakeTmp/CMakeFiles" 1
Building C object CMakeFiles/cmTryCompileExec1663866471.dir/CheckFunctionExists.c.o
/usr/bin/cc   -DCHECK_FUNCTION_EXISTS=pthread_create   -o CMakeFiles/cmTryCompileExec1663866471.dir/CheckFunctionExists.c.o   -c /home/idhuser/Prog/cmake/share/cmake-3.2/Modules/CheckFunctionExists.c
Linking C executable cmTryCompileExec1663866471
/home/idhuser/Prog/cmake/bin/cmake -E cmake_link_script CMakeFiles/cmTryCompileExec1663866471.dir/link.txt --verbose=1
/usr/bin/cc   -DCHECK_FUNCTION_EXISTS=pthread_create    CMakeFiles/cmTryCompileExec1663866471.dir/CheckFunctionExists.c.o  -o cmTryCompileExec1663866471 -rdynamic -lpthreads 
/usr/bin/ld: cannot find -lpthreads
collect2: error: ld returned 1 exit status
make[1]: Leaving directory `/home/idhuser/Dropbox/Enseignement/M2 ROB 2015/Archi/project/build/CMakeFiles/CMakeTmp'
make[1]: *** [cmTryCompileExec1663866471] Error 1
make: *** [cmTryCompileExec1663866471/fast] Error 2


